\BOOKMARK [1][-]{section.1}{\376\377\133\236\232\214\127\072\146\157\116\313\176\315}{}% 1
\BOOKMARK [1][-]{section.2}{\376\377\145\160\143\156\136\223\213\276\213\241}{}% 2
\BOOKMARK [2][-]{subsection.2.1}{\376\377\151\202\137\365\145\160\143\156\136\223\213\276\213\241}{section.2}% 3
\BOOKMARK [2][-]{subsection.2.2}{\376\377\220\073\217\221\145\160\143\156\136\223\213\276\213\241}{section.2}% 4
\BOOKMARK [1][-]{section.3}{\376\377\174\373\176\337\122\237\200\375\116\313\176\315}{}% 5
\BOOKMARK [2][-]{subsection.3.1}{\376\377\165\050\142\067\166\173\137\125\116\016\166\173\121\372}{section.3}% 6
\BOOKMARK [2][-]{subsection.3.2}{\376\377\145\160\143\156\136\223\147\345\213\342}{section.3}% 7
\BOOKMARK [2][-]{subsection.3.3}{\376\377\145\160\143\156\136\223\117\356\145\071}{section.3}% 8
\BOOKMARK [2][-]{subsection.3.4}{\376\377\145\160\143\156\136\223\155\373\122\240}{section.3}% 9
\BOOKMARK [2][-]{subsection.3.5}{\376\377\145\160\143\156\136\223\122\040\226\144}{section.3}% 10
\BOOKMARK [2][-]{subsection.3.6}{\376\377\133\371\126\376\116\146\166\204\144\315\117\134}{section.3}% 11
\BOOKMARK [3][-]{subsubsection.3.6.1}{\376\377\120\037\116\146\122\237\200\375}{subsection.3.6}% 12
\BOOKMARK [3][-]{subsubsection.3.6.2}{\376\377\217\330\116\146\122\237\200\375}{subsection.3.6}% 13
\BOOKMARK [3][-]{subsubsection.3.6.3}{\376\377\176\355\120\037\122\237\200\375}{subsection.3.6}% 14
\BOOKMARK [1][-]{section.4}{\376\377\150\070\137\303\116\343\170\001\171\072\117\213}{}% 15
\BOOKMARK [2][-]{subsection.4.1}{\376\377\147\345\213\342\153\317\116\052\213\373\200\005\166\204\120\037\226\005\213\260\137\125\377\014\123\005\142\354\213\373\200\005\131\323\124\015\060\001\120\037\226\005\116\146\174\115\124\015\171\360\060\001\120\037\226\005\145\366\225\364}{section.4}% 16
\BOOKMARK [2][-]{subsection.4.2}{\376\377\147\345\213\342\147\011\147\052\131\004\164\006\177\132\123\125\166\204\213\373\200\005\166\204\120\037\226\005\213\260\137\125\377\014\123\005\142\354\213\373\200\005\131\323\124\015\060\001\120\037\226\005\116\146\174\115\124\015\171\360\060\001\120\037\226\005\145\366\225\364}{section.4}% 17
\BOOKMARK [2][-]{subsection.4.3}{\376\377\147\345\213\342\120\037\226\005\217\307\162\171\133\232\116\146\174\115\166\204\213\373\200\005\166\204\147\052\131\004\164\006\177\132\123\125\117\341\140\157}{section.4}% 18
\BOOKMARK [2][-]{subsection.4.4}{\376\377\147\345\213\342\153\317\116\052\173\241\164\006\124\130\131\004\164\006\166\204\120\037\226\005\213\260\137\125\124\214\166\370\121\163\116\146\174\115\117\341\140\157\377\014\123\352\146\076\171\072\162\266\140\001\116\072\120\037\121\372\166\204\116\146\174\115}{section.4}% 19
\BOOKMARK [2][-]{subsection.4.5}{\376\377\147\345\213\342\120\037\226\005\116\146\174\115\145\160\221\317\215\205\217\307\136\163\127\107\120\037\226\005\145\160\221\317\166\204\213\373\200\005\117\341\140\157}{section.4}% 20
\BOOKMARK [2][-]{subsection.4.6}{\376\377\147\345\213\342\142\100\147\011\220\076\147\037\147\052\217\330\116\146\174\115\166\204\213\373\200\005\131\323\124\015\060\001\116\146\174\115\124\015\171\360\116\345\123\312\166\370\136\224\166\204\177\132\153\076\117\341\140\157}{section.4}% 21
\BOOKMARK [1][-]{section.5}{\376\377\145\110\147\234\134\125\163\260}{}% 22
\BOOKMARK [2][-]{subsection.5.1}{\376\377\231\226\230\165}{section.5}% 23
\BOOKMARK [3][-]{subsubsection.5.1.1}{\376\377\166\173\137\125\116\016\166\173\121\372}{subsection.5.1}% 24
\BOOKMARK [2][-]{subsection.5.2}{\376\377\173\241\164\006\124\130\230\165\227\142}{section.5}% 25
\BOOKMARK [3][-]{subsubsection.5.2.1}{\376\377\147\345\213\342\144\315\117\134}{subsection.5.2}% 26
\BOOKMARK [3][-]{subsubsection.5.2.2}{\376\377\122\040\226\144\144\315\117\134}{subsection.5.2}% 27
\BOOKMARK [3][-]{subsubsection.5.2.3}{\376\377\117\356\145\071\144\315\117\134}{subsection.5.2}% 28
\BOOKMARK [3][-]{subsubsection.5.2.4}{\376\377\145\260\136\372\144\315\117\134}{subsection.5.2}% 29
\BOOKMARK [3][-]{subsubsection.5.2.5}{\376\377\120\037\226\005\144\315\117\134}{subsection.5.2}% 30
\BOOKMARK [3][-]{subsubsection.5.2.6}{\376\377\137\122\217\330\144\315\117\134}{subsection.5.2}% 31
\BOOKMARK [2][-]{subsection.5.3}{\376\377\165\050\142\067\230\165\227\142}{section.5}% 32
\BOOKMARK [3][-]{subsubsection.5.3.1}{\376\377\120\037\226\005\144\315\117\134}{subsection.5.3}% 33
\BOOKMARK [3][-]{subsubsection.5.3.2}{\376\377\217\330\116\146\144\315\117\134}{subsection.5.3}% 34
\BOOKMARK [3][-]{subsubsection.5.3.3}{\376\377\177\132\123\125\144\315\117\134}{subsection.5.3}% 35
\BOOKMARK [1][-]{section.6}{\376\377\133\236\232\214\140\073\176\323}{}% 36
