\BOOKMARK [1][-]{section.1}{\376\377\133\236\232\214\0001\000.\0001\000\040\136\224\165\050\134\102}{}% 1
\BOOKMARK [2][-]{subsection.1.1}{\376\377\133\236\232\214\166\356\166\204}{section.1}% 2
\BOOKMARK [2][-]{subsection.1.2}{\376\377\133\236\232\214\121\205\133\271}{section.1}% 3
\BOOKMARK [2][-]{subsection.1.3}{\376\377\134\017\176\304\142\020\124\130\123\312\122\006\135\345}{section.1}% 4
\BOOKMARK [2][-]{subsection.1.4}{\376\377\133\236\232\214\217\307\172\013\116\016\176\323\147\234\122\006\147\220}{section.1}% 5
\BOOKMARK [3][-]{subsubsection.1.4.1}{\376\377\133\146\117\032\117\177\165\050\000W\000i\000r\000e\000s\000h\000a\000r\000k\142\223\123\005\217\157\116\366\377\014\117\032\117\177\165\050\217\307\156\344\126\150\060\002}{subsection.1.4}% 6
\BOOKMARK [3][-]{subsubsection.1.4.2}{\376\377\133\146\116\140\000\040\000W\000i\000r\000e\000s\000h\000a\000r\000k\000\040\127\372\147\054\144\315\117\134\060\002}{subsection.1.4}% 7
\BOOKMARK [3][-]{subsubsection.1.4.3}{\376\377\155\113\213\325\000c\000u\000r\000l\124\175\116\344\377\014\213\277\225\356\116\000\116\052\000w\000e\000b\230\165\227\142\060\002}{subsection.1.4}% 8
\BOOKMARK [3][-]{subsubsection.1.4.4}{\376\377\122\051\165\050\000t\000e\000l\000n\000e\000t\124\175\116\344\155\113\213\325\000g\000e\000t\124\175\116\344\377\014\213\277\225\356\000w\000w\000w\000.\000b\000a\000i\000d\000u\000.\000c\000o\000m\060\002}{subsection.1.4}% 9
\BOOKMARK [3][-]{subsubsection.1.4.5}{\376\377\122\051\165\050\000t\000e\000l\000n\000e\000t\124\175\116\344\155\113\213\325\000S\000M\000T\000P\147\015\122\241\377\014\211\343\147\220\121\166\217\307\172\013\060\002}{subsection.1.4}% 10
\BOOKMARK [3][-]{subsubsection.1.4.6}{\376\377\155\113\213\325\000t\000r\000a\000c\000e\000r\000t\124\175\116\344\377\014\136\166\211\343\147\220\121\166\217\307\172\013\060\002}{subsection.1.4}% 11
\BOOKMARK [3][-]{subsubsection.1.4.7}{\376\377\117\177\165\050\000n\000s\000l\000o\000o\000k\000u\000p\147\345\213\342\127\337\124\015\117\341\140\157\377\014\173\200\211\201\122\006\147\220\060\002}{subsection.1.4}% 12
\BOOKMARK [2][-]{subsection.1.5}{\376\377\137\303\137\227\117\123\117\032}{section.1}% 13
\BOOKMARK [1][-]{section.2}{\376\377\133\236\232\214\0001\000.\0002\000\040\000T\000C\000P\123\117\213\256\122\006\147\220}{}% 14
\BOOKMARK [2][-]{subsection.2.1}{\376\377\133\236\232\214\166\356\166\204}{section.2}% 15
\BOOKMARK [2][-]{subsection.2.2}{\376\377\133\236\232\214\121\205\133\271}{section.2}% 16
\BOOKMARK [2][-]{subsection.2.3}{\376\377\134\017\176\304\142\020\124\130\123\312\122\006\135\345}{section.2}% 17
\BOOKMARK [2][-]{subsection.2.4}{\376\377\133\236\232\214\217\307\172\013\116\016\176\323\147\234\122\006\147\220}{section.2}% 18
\BOOKMARK [3][-]{subsubsection.2.4.1}{\376\377\000T\000C\000P\136\372\172\313\217\336\143\245\116\011\153\041\143\341\142\113\142\245\145\207}{subsection.2.4}% 19
\BOOKMARK [3][-]{subsubsection.2.4.2}{\376\377\000T\000C\000P\145\255\137\000\217\336\143\245\126\333\153\041\143\045\142\113\142\245\145\207}{subsection.2.4}% 20
\BOOKMARK [3][-]{subsubsection.2.4.3}{\376\377\122\006\147\220\136\372\172\313\000T\000C\000P\217\336\143\245\145\366\377\014\133\242\142\067\172\357\124\021\147\015\122\241\126\150\172\357\123\321\220\001\166\204\173\054\116\000\147\141\142\245\145\207}{subsection.2.4}% 21
\BOOKMARK [3][-]{subsubsection.2.4.4}{\376\377\116\011\153\041\143\341\142\113\116\016\126\333\153\041\143\045\142\113\166\204\145\366\136\217\126\376\116\345\123\312\000T\000C\000P\162\266\140\001}{subsection.2.4}% 22
\BOOKMARK [3][-]{subsubsection.2.4.5}{\376\377\000T\000C\000P\217\336\143\245\166\204\221\315\177\156}{subsection.2.4}% 23
\BOOKMARK [2][-]{subsection.2.5}{\376\377\137\303\137\227\117\123\117\032}{section.2}% 24
\BOOKMARK [1][-]{section.3}{\376\377\133\236\232\214\0002\000.\0001\000\040\162\151\164\006\217\336\220\032\133\236\232\214\377\010\122\066\117\134\177\121\176\277\377\011}{}% 25
\BOOKMARK [2][-]{subsection.3.1}{\376\377\133\236\232\214\166\356\166\204}{section.3}% 26
\BOOKMARK [2][-]{subsection.3.2}{\376\377\133\236\232\214\121\205\133\271}{section.3}% 27
\BOOKMARK [2][-]{subsection.3.3}{\376\377\134\017\176\304\142\020\124\130\123\312\122\006\135\345}{section.3}% 28
\BOOKMARK [2][-]{subsection.3.4}{\376\377\133\236\232\214\217\307\172\013\116\016\176\323\147\234\122\006\147\220}{section.3}% 29
\BOOKMARK [2][-]{subsection.3.5}{\376\377\133\236\232\214\140\035\200\003\377\032\162\151\164\006\134\102\170\156\133\232\166\204\143\245\123\343\162\171\140\047}{section.3}% 30
\BOOKMARK [2][-]{subsection.3.6}{\376\377\137\303\137\227\117\123\117\032}{section.3}% 31
\BOOKMARK [1][-]{section.4}{\376\377\133\236\232\214\0002\000.\0002\000\040\0002\123\360\000P\000C\166\364\217\336\176\304\177\121}{}% 32
\BOOKMARK [2][-]{subsection.4.1}{\376\377\133\236\232\214\166\356\166\204}{section.4}% 33
\BOOKMARK [2][-]{subsection.4.2}{\376\377\133\236\232\214\121\205\133\271}{section.4}% 34
\BOOKMARK [2][-]{subsection.4.3}{\376\377\134\017\176\304\142\020\124\130\123\312\122\006\135\345}{section.4}% 35
\BOOKMARK [2][-]{subsection.4.4}{\376\377\133\236\232\214\217\307\172\013\116\016\176\323\147\234\122\006\147\220}{section.4}% 36
\BOOKMARK [3][-]{subsubsection.4.4.1}{\376\377\116\044\123\360\165\065\201\021\000p\000i\000n\000g\136\166\142\223\123\005}{subsection.4.4}% 37
\BOOKMARK [3][-]{subsubsection.4.4.2}{\376\377\117\177\165\050\134\017\121\165\217\157\116\366\217\333\210\114\123\321\123\005}{subsection.4.4}% 38
\BOOKMARK [3][-]{subsubsection.4.4.3}{\376\377\133\236\232\214\225\031\213\357\166\204\176\240\153\143\217\307\172\013}{subsection.4.4}% 39
\BOOKMARK [2][-]{subsection.4.5}{\376\377\133\236\232\214\140\035\200\003}{section.4}% 40
\BOOKMARK [2][-]{subsection.4.6}{\376\377\137\303\137\227\117\123\117\032}{section.4}% 41
\BOOKMARK [1][-]{section.5}{\376\377\133\236\232\214\0002\000.\0003\000\040\131\032\000P\000C\220\032\217\307\226\306\176\277\126\150\000H\000U\000B\176\304\177\121}{}% 42
\BOOKMARK [2][-]{subsection.5.1}{\376\377\133\236\232\214\166\356\166\204}{section.5}% 43
\BOOKMARK [2][-]{subsection.5.2}{\376\377\133\236\232\214\121\205\133\271}{section.5}% 44
\BOOKMARK [2][-]{subsection.5.3}{\376\377\134\017\176\304\142\020\124\130\123\312\122\006\135\345}{section.5}% 45
\BOOKMARK [2][-]{subsection.5.4}{\376\377\133\236\232\214\217\307\172\013\116\016\176\323\147\234\122\006\147\220}{section.5}% 46
\BOOKMARK [3][-]{subsubsection.5.4.1}{\376\377\213\276\177\156\116\244\143\142\147\072\121\163\225\355\000M\000A\000C\133\146\116\140}{subsection.5.4}% 47
\BOOKMARK [3][-]{subsubsection.5.4.2}{\376\377\000P\000C\225\364\145\066\123\321\123\005}{subsection.5.4}% 48
\BOOKMARK [2][-]{subsection.5.5}{\376\377\133\236\232\214\140\035\200\003}{section.5}% 49
\BOOKMARK [2][-]{subsection.5.6}{\376\377\137\303\137\227\117\123\117\032}{section.5}% 50
\BOOKMARK [1][-]{section.6}{\376\377\133\236\232\214\0002\000.\0004\000\040\131\032\000P\000C\220\032\217\307\116\244\143\142\147\072\176\304\177\121}{}% 51
\BOOKMARK [2][-]{subsection.6.1}{\376\377\133\236\232\214\166\356\166\204}{section.6}% 52
\BOOKMARK [2][-]{subsection.6.2}{\376\377\133\236\232\214\121\205\133\271}{section.6}% 53
\BOOKMARK [2][-]{subsection.6.3}{\376\377\134\017\176\304\142\020\124\130\123\312\122\006\135\345}{section.6}% 54
\BOOKMARK [2][-]{subsection.6.4}{\376\377\133\236\232\214\217\307\172\013\116\016\176\323\147\234\122\006\147\220}{section.6}% 55
\BOOKMARK [3][-]{subsubsection.6.4.1}{\376\377\116\244\143\142\147\072\124\057\122\250\000M\000A\000C\133\146\116\140}{subsection.6.4}% 56
\BOOKMARK [3][-]{subsubsection.6.4.2}{\376\377\116\011\123\360\000P\000C\147\072\227\131\140\001\221\115\177\156\000I\000P\127\060\127\100}{subsection.6.4}% 57
\BOOKMARK [3][-]{subsubsection.6.4.3}{\376\377\116\011\123\360\000P\000C\147\072\116\222\166\370\000p\000i\000n\000g\377\014\211\302\133\337\217\336\220\032\140\047}{subsection.6.4}% 58
\BOOKMARK [3][-]{subsubsection.6.4.4}{\376\377\121\166\116\055\116\044\123\360\000P\000C\147\072\000p\000i\000n\000g\377\014\150\300\232\214\173\054\116\011\123\360\200\375\124\046\167\013\122\060}{subsection.6.4}% 59
\BOOKMARK [2][-]{subsection.6.5}{\376\377\133\236\232\214\140\035\200\003}{section.6}% 60
\BOOKMARK [2][-]{subsection.6.6}{\376\377\137\303\137\227\117\123\117\032}{section.6}% 61
\BOOKMARK [1][-]{section.7}{\376\377\133\236\232\214\0002\000.\0005\000\040\117\177\165\050\116\244\143\142\147\072\000+\000V\000L\000A\000N\176\304\177\121}{}% 62
\BOOKMARK [2][-]{subsection.7.1}{\376\377\133\236\232\214\166\356\166\204}{section.7}% 63
\BOOKMARK [2][-]{subsection.7.2}{\376\377\133\236\232\214\121\205\133\271}{section.7}% 64
\BOOKMARK [2][-]{subsection.7.3}{\376\377\134\017\176\304\142\020\124\130\123\312\122\006\135\345}{section.7}% 65
\BOOKMARK [2][-]{subsection.7.4}{\376\377\133\236\232\214\217\307\172\013\116\016\176\323\147\234\122\006\147\220}{section.7}% 66
\BOOKMARK [3][-]{subsubsection.7.4.1}{\376\377\143\011\161\147\142\323\142\121\126\376\144\055\136\372\116\244\143\142\147\072}{subsection.7.4}% 67
\BOOKMARK [3][-]{subsubsection.7.4.2}{\376\377\145\071\123\330\000P\000C\0002\124\016\221\315\145\260\144\055\136\372}{subsection.7.4}% 68
\BOOKMARK [3][-]{subsubsection.7.4.3}{\376\377\133\236\232\214\225\031\213\357\176\240\153\143}{subsection.7.4}% 69
\BOOKMARK [2][-]{subsection.7.5}{\376\377\133\236\232\214\140\035\200\003}{section.7}% 70
\BOOKMARK [2][-]{subsection.7.6}{\376\377\137\303\137\227\117\123\117\032}{section.7}% 71
\BOOKMARK [1][-]{section.8}{\376\377\133\236\232\214\0003\000\040\117\177\165\050\000L\0002\116\244\143\142\147\072\000+\000L\0003\116\244\143\142\147\072\176\304\177\121}{}% 72
\BOOKMARK [2][-]{subsection.8.1}{\376\377\133\236\232\214\166\356\166\204}{section.8}% 73
\BOOKMARK [2][-]{subsection.8.2}{\376\377\133\236\232\214\121\205\133\271}{section.8}% 74
\BOOKMARK [2][-]{subsection.8.3}{\376\377\134\017\176\304\142\020\124\130\123\312\122\006\135\345}{section.8}% 75
\BOOKMARK [2][-]{subsection.8.4}{\376\377\133\236\232\214\217\307\172\013\116\016\176\323\147\234\122\006\147\220}{section.8}% 76
\BOOKMARK [3][-]{subsubsection.8.4.1}{\376\377\142\223\123\005\122\006\147\220\000D\000H\000C\000P\116\244\116\222\217\307\172\013}{subsection.8.4}% 77
\BOOKMARK [3][-]{subsubsection.8.4.2}{\376\377\000P\000C\225\364\116\222\166\370\000p\000i\000n\000g\166\204\126\376\162\107}{subsection.8.4}% 78
\BOOKMARK [3][-]{subsubsection.8.4.3}{\376\377\147\345\167\013\215\357\165\061\126\150\116\012\215\357\165\061\140\305\121\265}{subsection.8.4}% 79
\BOOKMARK [3][-]{subsubsection.8.4.4}{\376\377\147\345\167\013\000V\000L\000A\000N\000I\000F\143\245\123\343\166\204\162\266\140\001\117\341\140\157\060\001\221\115\177\156\117\341\140\157\124\214\176\337\213\241\117\341\140\157}{subsection.8.4}% 80
\BOOKMARK [3][-]{subsubsection.8.4.5}{\376\377\147\345\167\013\000P\000C\147\072\166\204\215\357\165\061}{subsection.8.4}% 81
\BOOKMARK [3][-]{subsubsection.8.4.6}{\376\377\133\236\232\214\225\031\213\357\166\204\176\240\153\143\217\307\172\013\377\010\116\044\123\360\000P\000C\116\222\166\370\000p\000i\000n\000g\145\340\154\325\200\124\220\032\377\014\117\106\146\057\000v\000l\000a\000n\124\214\000i\000p\127\060\127\100\220\375\221\115\177\156\153\143\170\156\377\011}{subsection.8.4}% 82
\BOOKMARK [2][-]{subsection.8.5}{\376\377\133\236\232\214\140\035\200\003}{section.8}% 83
\BOOKMARK [2][-]{subsection.8.6}{\376\377\137\303\137\227\117\123\117\032}{section.8}% 84
\BOOKMARK [1][-]{section.9}{\376\377\133\236\232\214\0004\000.\0001\000\040\215\357\165\061\126\150\000/\000L\0003\116\244\143\142\147\072\227\131\140\001\215\357\165\061\176\304\177\121}{}% 85
\BOOKMARK [2][-]{subsection.9.1}{\376\377\133\236\232\214\166\356\166\204}{section.9}% 86
\BOOKMARK [2][-]{subsection.9.2}{\376\377\133\236\232\214\121\205\133\271}{section.9}% 87
\BOOKMARK [2][-]{subsection.9.3}{\376\377\134\017\176\304\142\020\124\130\123\312\122\006\135\345}{section.9}% 88
\BOOKMARK [2][-]{subsection.9.4}{\376\377\133\236\232\214\217\307\172\013\116\016\176\323\147\234\122\006\147\220}{section.9}% 89
\BOOKMARK [3][-]{subsubsection.9.4.1}{\376\377\221\115\177\156\000s\000w\000i\000t\000c\000h\0003\166\204\000v\000l\000a\000n}{subsection.9.4}% 90
\BOOKMARK [3][-]{subsubsection.9.4.2}{\376\377\221\115\177\156\215\357\165\061\126\150\227\131\140\001\215\357\165\061}{subsection.9.4}% 91
\BOOKMARK [3][-]{subsubsection.9.4.3}{\376\377\221\115\177\156\000s\000w\000i\000t\000c\000h\0003\166\204\227\131\140\001\215\357\165\061}{subsection.9.4}% 92
\BOOKMARK [3][-]{subsubsection.9.4.4}{\376\377\133\236\232\214\176\323\147\234\122\006\147\220}{subsection.9.4}% 93
\BOOKMARK [3][-]{subsubsection.9.4.5}{\376\377\133\236\232\214\116\055\225\356\230\230\211\343\121\263\217\307\172\013}{subsection.9.4}% 94
\BOOKMARK [2][-]{subsection.9.5}{\376\377\133\236\232\214\140\035\200\003}{section.9}% 95
\BOOKMARK [2][-]{subsection.9.6}{\376\377\137\303\137\227\117\123\117\032}{section.9}% 96
\BOOKMARK [1][-]{section.10}{\376\377\133\236\232\214\0004\000.\0002\000\040\215\357\165\061\126\150\000/\000L\0003\116\244\143\142\147\072\000O\000S\000F\000P\176\304\177\121}{}% 97
\BOOKMARK [2][-]{subsection.10.1}{\376\377\133\236\232\214\166\356\166\204}{section.10}% 98
\BOOKMARK [2][-]{subsection.10.2}{\376\377\133\236\232\214\121\205\133\271}{section.10}% 99
\BOOKMARK [2][-]{subsection.10.3}{\376\377\134\017\176\304\142\020\124\130\123\312\122\006\135\345}{section.10}% 100
\BOOKMARK [2][-]{subsection.10.4}{\376\377\133\236\232\214\217\307\172\013\116\016\176\323\147\234\122\006\147\220}{section.10}% 101
\BOOKMARK [3][-]{subsubsection.10.4.1}{\376\377\133\236\232\214\116\055\225\031\213\357\211\343\121\263\217\307\172\013}{subsection.10.4}% 102
\BOOKMARK [2][-]{subsection.10.5}{\376\377\133\236\232\214\140\035\200\003}{section.10}% 103
\BOOKMARK [2][-]{subsection.10.6}{\376\377\137\303\137\227\117\123\117\032}{section.10}% 104
